<?xml version="1.0" encoding="UTF-8"?>
<testsuite name="com.superzhan.android.mvvmcore.ExampleUnitTest" tests="1" skipped="0" failures="0" errors="0" timestamp="2021-05-25T15:02:54" hostname="LAPTOP-AN7DUA47" time="0.002">
  <properties/>
  <testcase name="addition_isCorrect" classname="com.superzhan.android.mvvmcore.ExampleUnitTest" time="0.002"/>
  <system-out><![CDATA[]]></system-out>
  <system-err><![CDATA[]]></system-err>
</testsuite>
